[2020-09-11 19:41:11] local.ERROR: syntax error, unexpected end of file {"exception":"[object] (ParseError(code: 0): syntax error, unexpected end of file at /home/codaphics/Desktop/project1/routes/web.php:21)
[stacktrace]
#0 /home/codaphics/Desktop/project1/vendor/laravel/framework/src/Illuminate/Routing/Router.php(423): Illuminate\\Routing\\RouteFileRegistrar->register()
#1 /home/codaphics/Desktop/project1/vendor/laravel/framework/src/Illuminate/Routing/Router.php(380): Illuminate\\Routing\\Router->loadRoutes()
#2 /home/codaphics/Desktop/project1/vendor/laravel/framework/src/Illuminate/Routing/RouteRegistrar.php(134): Illuminate\\Routing\\Router->group()
#3 /home/codaphics/Desktop/project1/app/Providers/RouteServiceProvider.php(42): Illuminate\\Routing\\RouteRegistrar->group()
#4 [internal function]: App\\Providers\\RouteServiceProvider->App\\Providers\\{closure}()
#5 /home/codaphics/Desktop/project1/vendor/laravel/framework/src/Illuminate/Container/BoundMethod.php(37): call_user_func_array()
#6 /home/codaphics/Desktop/project1/vendor/laravel/framework/src/Illuminate/Container/Util.php(40): Illuminate\\Container\\BoundMethod::Illuminate\\Container\\{closure}()
#7 /home/codaphics/Desktop/project1/vendor/laravel/framework/src/Illuminate/Container/BoundMethod.php(83): Illuminate\\Container\\Util::unwrapIfClosure()
#8 /home/codaphics/Desktop/project1/vendor/laravel/framework/src/Illuminate/Container/BoundMethod.php(39): Illuminate\\Container\\BoundMethod::callBoundMethod()
#9 /home/codaphics/Desktop/project1/vendor/laravel/framework/src/Illuminate/Container/Container.php(596): Illuminate\\Container\\BoundMethod::call()
#10 /home/codaphics/Desktop/project1/vendor/laravel/framework/src/Illuminate/Foundation/Support/Providers/RouteServiceProvider.php(120): Illuminate\\Container\\Container->call()
#11 /home/codaphics/Desktop/project1/vendor/laravel/framework/src/Illuminate/Foundation/Support/Providers/RouteServiceProvider.php(45): Illuminate\\Foundation\\Support\\Providers\\RouteServiceProvider->loadRoutes()
#12 /home/codaphics/Desktop/project1/vendor/laravel/framework/src/Illuminate/Support/ServiceProvider.php(113): Illuminate\\Foundation\\Support\\Providers\\RouteServiceProvider->Illuminate\\Foundation\\Support\\Providers\\{closure}()
#13 /home/codaphics/Desktop/project1/vendor/laravel/framework/src/Illuminate/Foundation/Application.php(872): Illuminate\\Support\\ServiceProvider->callBootedCallbacks()
#14 /home/codaphics/Desktop/project1/vendor/laravel/framework/src/Illuminate/Foundation/Application.php(850): Illuminate\\Foundation\\Application->bootProvider()
#15 [internal function]: Illuminate\\Foundation\\Application->Illuminate\\Foundation\\{closure}()
#16 /home/codaphics/Desktop/project1/vendor/laravel/framework/src/Illuminate/Foundation/Application.php(851): array_walk()
#17 /home/codaphics/Desktop/project1/vendor/laravel/framework/src/Illuminate/Foundation/Bootstrap/BootProviders.php(17): Illuminate\\Foundation\\Application->boot()
#18 /home/codaphics/Desktop/project1/vendor/laravel/framework/src/Illuminate/Foundation/Application.php(230): Illuminate\\Foundation\\Bootstrap\\BootProviders->bootstrap()
#19 /home/codaphics/Desktop/project1/vendor/laravel/framework/src/Illuminate/Foundation/Http/Kernel.php(152): Illuminate\\Foundation\\Application->bootstrapWith()
#20 /home/codaphics/Desktop/project1/vendor/laravel/framework/src/Illuminate/Foundation/Http/Kernel.php(136): Illuminate\\Foundation\\Http\\Kernel->bootstrap()
#21 /home/codaphics/Desktop/project1/vendor/laravel/framework/src/Illuminate/Foundation/Http/Kernel.php(110): Illuminate\\Foundation\\Http\\Kernel->sendRequestThroughRouter()
#22 /home/codaphics/Desktop/project1/public/index.php(52): Illuminate\\Foundation\\Http\\Kernel->handle()
#23 /home/codaphics/Desktop/project1/server.php(21): require_once('/home/codaphics...')
#24 {main}
"} 
[2020-09-11 19:41:30] local.ERROR: syntax error, unexpected end of file {"exception":"[object] (ParseError(code: 0): syntax error, unexpected end of file at /home/codaphics/Desktop/project1/routes/web.php:21)
[stacktrace]
#0 /home/codaphics/Desktop/project1/vendor/laravel/framework/src/Illuminate/Routing/Router.php(423): Illuminate\\Routing\\RouteFileRegistrar->register()
#1 /home/codaphics/Desktop/project1/vendor/laravel/framework/src/Illuminate/Routing/Router.php(380): Illuminate\\Routing\\Router->loadRoutes()
#2 /home/codaphics/Desktop/project1/vendor/laravel/framework/src/Illuminate/Routing/RouteRegistrar.php(134): Illuminate\\Routing\\Router->group()
#3 /home/codaphics/Desktop/project1/app/Providers/RouteServiceProvider.php(42): Illuminate\\Routing\\RouteRegistrar->group()
#4 [internal function]: App\\Providers\\RouteServiceProvider->App\\Providers\\{closure}()
#5 /home/codaphics/Desktop/project1/vendor/laravel/framework/src/Illuminate/Container/BoundMethod.php(37): call_user_func_array()
#6 /home/codaphics/Desktop/project1/vendor/laravel/framework/src/Illuminate/Container/Util.php(40): Illuminate\\Container\\BoundMethod::Illuminate\\Container\\{closure}()
#7 /home/codaphics/Desktop/project1/vendor/laravel/framework/src/Illuminate/Container/BoundMethod.php(83): Illuminate\\Container\\Util::unwrapIfClosure()
#8 /home/codaphics/Desktop/project1/vendor/laravel/framework/src/Illuminate/Container/BoundMethod.php(39): Illuminate\\Container\\BoundMethod::callBoundMethod()
#9 /home/codaphics/Desktop/project1/vendor/laravel/framework/src/Illuminate/Container/Container.php(596): Illuminate\\Container\\BoundMethod::call()
#10 /home/codaphics/Desktop/project1/vendor/laravel/framework/src/Illuminate/Foundation/Support/Providers/RouteServiceProvider.php(120): Illuminate\\Container\\Container->call()
#11 /home/codaphics/Desktop/project1/vendor/laravel/framework/src/Illuminate/Foundation/Support/Providers/RouteServiceProvider.php(45): Illuminate\\Foundation\\Support\\Providers\\RouteServiceProvider->loadRoutes()
#12 /home/codaphics/Desktop/project1/vendor/laravel/framework/src/Illuminate/Support/ServiceProvider.php(113): Illuminate\\Foundation\\Support\\Providers\\RouteServiceProvider->Illuminate\\Foundation\\Support\\Providers\\{closure}()
#13 /home/codaphics/Desktop/project1/vendor/laravel/framework/src/Illuminate/Foundation/Application.php(872): Illuminate\\Support\\ServiceProvider->callBootedCallbacks()
#14 /home/codaphics/Desktop/project1/vendor/laravel/framework/src/Illuminate/Foundation/Application.php(850): Illuminate\\Foundation\\Application->bootProvider()
#15 [internal function]: Illuminate\\Foundation\\Application->Illuminate\\Foundation\\{closure}()
#16 /home/codaphics/Desktop/project1/vendor/laravel/framework/src/Illuminate/Foundation/Application.php(851): array_walk()
#17 /home/codaphics/Desktop/project1/vendor/laravel/framework/src/Illuminate/Foundation/Bootstrap/BootProviders.php(17): Illuminate\\Foundation\\Application->boot()
#18 /home/codaphics/Desktop/project1/vendor/laravel/framework/src/Illuminate/Foundation/Application.php(230): Illuminate\\Foundation\\Bootstrap\\BootProviders->bootstrap()
#19 /home/codaphics/Desktop/project1/vendor/laravel/framework/src/Illuminate/Foundation/Http/Kernel.php(152): Illuminate\\Foundation\\Application->bootstrapWith()
#20 /home/codaphics/Desktop/project1/vendor/laravel/framework/src/Illuminate/Foundation/Http/Kernel.php(136): Illuminate\\Foundation\\Http\\Kernel->bootstrap()
#21 /home/codaphics/Desktop/project1/vendor/laravel/framework/src/Illuminate/Foundation/Http/Kernel.php(110): Illuminate\\Foundation\\Http\\Kernel->sendRequestThroughRouter()
#22 /home/codaphics/Desktop/project1/public/index.php(52): Illuminate\\Foundation\\Http\\Kernel->handle()
#23 /home/codaphics/Desktop/project1/server.php(21): require_once('/home/codaphics...')
#24 {main}
"} 
[2020-09-11 19:42:10] local.ERROR: syntax error, unexpected end of file {"exception":"[object] (ParseError(code: 0): syntax error, unexpected end of file at /home/codaphics/Desktop/project1/routes/web.php:21)
[stacktrace]
#0 /home/codaphics/Desktop/project1/vendor/laravel/framework/src/Illuminate/Routing/Router.php(423): Illuminate\\Routing\\RouteFileRegistrar->register()
#1 /home/codaphics/Desktop/project1/vendor/laravel/framework/src/Illuminate/Routing/Router.php(380): Illuminate\\Routing\\Router->loadRoutes()
#2 /home/codaphics/Desktop/project1/vendor/laravel/framework/src/Illuminate/Routing/RouteRegistrar.php(134): Illuminate\\Routing\\Router->group()
#3 /home/codaphics/Desktop/project1/app/Providers/RouteServiceProvider.php(42): Illuminate\\Routing\\RouteRegistrar->group()
#4 [internal function]: App\\Providers\\RouteServiceProvider->App\\Providers\\{closure}()
#5 /home/codaphics/Desktop/project1/vendor/laravel/framework/src/Illuminate/Container/BoundMethod.php(37): call_user_func_array()
#6 /home/codaphics/Desktop/project1/vendor/laravel/framework/src/Illuminate/Container/Util.php(40): Illuminate\\Container\\BoundMethod::Illuminate\\Container\\{closure}()
#7 /home/codaphics/Desktop/project1/vendor/laravel/framework/src/Illuminate/Container/BoundMethod.php(83): Illuminate\\Container\\Util::unwrapIfClosure()
#8 /home/codaphics/Desktop/project1/vendor/laravel/framework/src/Illuminate/Container/BoundMethod.php(39): Illuminate\\Container\\BoundMethod::callBoundMethod()
#9 /home/codaphics/Desktop/project1/vendor/laravel/framework/src/Illuminate/Container/Container.php(596): Illuminate\\Container\\BoundMethod::call()
#10 /home/codaphics/Desktop/project1/vendor/laravel/framework/src/Illuminate/Foundation/Support/Providers/RouteServiceProvider.php(120): Illuminate\\Container\\Container->call()
#11 /home/codaphics/Desktop/project1/vendor/laravel/framework/src/Illuminate/Foundation/Support/Providers/RouteServiceProvider.php(45): Illuminate\\Foundation\\Support\\Providers\\RouteServiceProvider->loadRoutes()
#12 /home/codaphics/Desktop/project1/vendor/laravel/framework/src/Illuminate/Support/ServiceProvider.php(113): Illuminate\\Foundation\\Support\\Providers\\RouteServiceProvider->Illuminate\\Foundation\\Support\\Providers\\{closure}()
#13 /home/codaphics/Desktop/project1/vendor/laravel/framework/src/Illuminate/Foundation/Application.php(872): Illuminate\\Support\\ServiceProvider->callBootedCallbacks()
#14 /home/codaphics/Desktop/project1/vendor/laravel/framework/src/Illuminate/Foundation/Application.php(850): Illuminate\\Foundation\\Application->bootProvider()
#15 [internal function]: Illuminate\\Foundation\\Application->Illuminate\\Foundation\\{closure}()
#16 /home/codaphics/Desktop/project1/vendor/laravel/framework/src/Illuminate/Foundation/Application.php(851): array_walk()
#17 /home/codaphics/Desktop/project1/vendor/laravel/framework/src/Illuminate/Foundation/Bootstrap/BootProviders.php(17): Illuminate\\Foundation\\Application->boot()
#18 /home/codaphics/Desktop/project1/vendor/laravel/framework/src/Illuminate/Foundation/Application.php(230): Illuminate\\Foundation\\Bootstrap\\BootProviders->bootstrap()
#19 /home/codaphics/Desktop/project1/vendor/laravel/framework/src/Illuminate/Foundation/Http/Kernel.php(152): Illuminate\\Foundation\\Application->bootstrapWith()
#20 /home/codaphics/Desktop/project1/vendor/laravel/framework/src/Illuminate/Foundation/Http/Kernel.php(136): Illuminate\\Foundation\\Http\\Kernel->bootstrap()
#21 /home/codaphics/Desktop/project1/vendor/laravel/framework/src/Illuminate/Foundation/Http/Kernel.php(110): Illuminate\\Foundation\\Http\\Kernel->sendRequestThroughRouter()
#22 /home/codaphics/Desktop/project1/public/index.php(52): Illuminate\\Foundation\\Http\\Kernel->handle()
#23 /home/codaphics/Desktop/project1/server.php(21): require_once('/home/codaphics...')
#24 {main}
"} 
